# JRE version: OpenJDK Runtime Environment Temurin-17.0.5+8 (17.0.5+8) (build 17.0.5+8)
# Java VM: OpenJDK 64-Bit Server VM Temurin-17.0.5+8 (17.0.5+8, mixed mode, emulated-client, tiered, compressed oops, compressed class ptrs, g1 gc, windows-amd64)
GC Precious Log:
 CPUs: 8 total, 8 available
 Memory: 6091M
 Large Page Support: Disabled
 NUMA Support: Disabled
 Compressed Oops: Enabled (32-bit)
 Heap Region Size: 1M
 Heap Min Capacity: 8M
 Heap Initial Capacity: 96M
 Heap Max Capacity: 1G
 Pre-touch: Disabled
 Parallel Workers: 8
 Concurrent Workers: 2
 Concurrent Refinement Workers: 8
 Periodic GC: Disabled
Heap:
 garbage-first heap   total 239616K, used 85123K [0x00000000c0000000, 0x0000000100000000)
  region size 1024K, 1 young (1024K), 0 survivors (0K)
 Metaspace       used 69418K, committed 69888K, reserved 1114112K
  class space    used 9389K, committed 9600K, reserved 1048576K
GC Heap History (20 events):
Event: 92937.041 GC heap before
{Heap before GC invocations=5504 (full 5322):
 garbage-first heap   total 239616K, used 85123K [0x00000000c0000000, 0x0000000100000000)
  region size 1024K, 1 young (1024K), 0 survivors (0K)
 Metaspace       used 69418K, committed 69888K, reserved 1114112K
  class space    used 9389K, committed 9600K, reserved 1048576K
}
Event: 92937.135 GC heap after
{Heap after GC invocations=5505 (full 5323):
 garbage-first heap   total 239616K, used 85123K [0x00000000c0000000, 0x0000000100000000)
  region size 1024K, 0 young (0K), 0 survivors (0K)
 Metaspace       used 69418K, committed 69888K, reserved 1114112K
  class space    used 9389K, committed 9600K, reserved 1048576K
}
Event: 92947.374 GC heap before
{Heap before GC invocations=5505 (full 5323):
 garbage-first heap   total 239616K, used 85123K [0x00000000c0000000, 0x0000000100000000)
  region size 1024K, 1 young (1024K), 0 survivors (0K)
 Metaspace       used 69418K, committed 69888K, reserved 1114112K
  class space    used 9389K, committed 9600K, reserved 1048576K
}
Event: 92947.470 GC heap after
{Heap after GC invocations=5506 (full 5324):
 garbage-first heap   total 239616K, used 85123K [0x00000000c0000000, 0x0000000100000000)
  region size 1024K, 0 young (0K), 0 survivors (0K)
 Metaspace       used 69418K, committed 69888K, reserved 1114112K
  class space    used 9389K, committed 9600K, reserved 1048576K
}
Event: 92957.693 GC heap before
{Heap before GC invocations=5506 (full 5324):
 garbage-first heap   total 239616K, used 85123K [0x00000000c0000000, 0x0000000100000000)
  region size 1024K, 1 young (1024K), 0 survivors (0K)
 Metaspace       used 69418K, committed 69888K, reserved 1114112K
  class space    used 9389K, committed 9600K, reserved 1048576K
}
Event: 92957.782 GC heap after
{Heap after GC invocations=5507 (full 5325):
 garbage-first heap   total 239616K, used 85123K [0x00000000c0000000, 0x0000000100000000)
  region size 1024K, 0 young (0K), 0 survivors (0K)
 Metaspace       used 69418K, committed 69888K, reserved 1114112K
  class space    used 9389K, committed 9600K, reserved 1048576K
}
Event: 92967.996 GC heap before
{Heap before GC invocations=5507 (full 5325):
 garbage-first heap   total 239616K, used 85123K [0x00000000c0000000, 0x0000000100000000)
  region size 1024K, 1 young (1024K), 0 survivors (0K)
 Metaspace       used 69418K, committed 69888K, reserved 1114112K
  class space    used 9389K, committed 9600K, reserved 1048576K
}
Event: 92968.089 GC heap after
{Heap after GC invocations=5508 (full 5326):
 garbage-first heap   total 239616K, used 85123K [0x00000000c0000000, 0x0000000100000000)
  region size 1024K, 0 young (0K), 0 survivors (0K)
 Metaspace       used 69418K, committed 69888K, reserved 1114112K
  class space    used 9389K, committed 9600K, reserved 1048576K
}
Event: 92978.336 GC heap before
{Heap before GC invocations=5508 (full 5326):
 garbage-first heap   total 239616K, used 85123K [0x00000000c0000000, 0x0000000100000000)
  region size 1024K, 1 young (1024K), 0 survivors (0K)
 Metaspace       used 69418K, committed 69888K, reserved 1114112K
  class space    used 9389K, committed 9600K, reserved 1048576K
}
Event: 92978.428 GC heap after
{Heap after GC invocations=5509 (full 5327):
 garbage-first heap   total 239616K, used 85123K [0x00000000c0000000, 0x0000000100000000)
  region size 1024K, 0 young (0K), 0 survivors (0K)
 Metaspace       used 69418K, committed 69888K, reserved 1114112K
  class space    used 9389K, committed 9600K, reserved 1048576K
}
Event: 92988.635 GC heap before
{Heap before GC invocations=5509 (full 5327):
 garbage-first heap   total 239616K, used 85123K [0x00000000c0000000, 0x0000000100000000)
  region size 1024K, 1 young (1024K), 0 survivors (0K)
 Metaspace       used 69418K, committed 69888K, reserved 1114112K
  class space    used 9389K, committed 9600K, reserved 1048576K
}
Event: 92988.723 GC heap after
{Heap after GC invocations=5510 (full 5328):
 garbage-first heap   total 239616K, used 85123K [0x00000000c0000000, 0x0000000100000000)
  region size 1024K, 0 young (0K), 0 survivors (0K)
 Metaspace       used 69418K, committed 69888K, reserved 1114112K
  class space    used 9389K, committed 9600K, reserved 1048576K
}
Event: 92998.976 GC heap before
{Heap before GC invocations=5510 (full 5328):
 garbage-first heap   total 239616K, used 85123K [0x00000000c0000000, 0x0000000100000000)
  region size 1024K, 1 young (1024K), 0 survivors (0K)
 Metaspace       used 69418K, committed 69888K, reserved 1114112K
  class space    used 9389K, committed 9600K, reserved 1048576K
}
Event: 92999.075 GC heap after
{Heap after GC invocations=5511 (full 5329):
 garbage-first heap   total 239616K, used 85123K [0x00000000c0000000, 0x0000000100000000)
  region size 1024K, 0 young (0K), 0 survivors (0K)
 Metaspace       used 69418K, committed 69888K, reserved 1114112K
  class space    used 9389K, committed 9600K, reserved 1048576K
}
Event: 93009.322 GC heap before
{Heap before GC invocations=5511 (full 5329):
 garbage-first heap   total 239616K, used 85123K [0x00000000c0000000, 0x0000000100000000)
  region size 1024K, 1 young (1024K), 0 survivors (0K)
 Metaspace       used 69418K, committed 69888K, reserved 1114112K
  class space    used 9389K, committed 9600K, reserved 1048576K
}
Event: 93009.443 GC heap after
{Heap after GC invocations=5512 (full 5330):
 garbage-first heap   total 239616K, used 85123K [0x00000000c0000000, 0x0000000100000000)
  region size 1024K, 0 young (0K), 0 survivors (0K)
 Metaspace       used 69418K, committed 69888K, reserved 1114112K
  class space    used 9389K, committed 9600K, reserved 1048576K
}
Event: 93019.660 GC heap before
{Heap before GC invocations=5512 (full 5330):
 garbage-first heap   total 239616K, used 85123K [0x00000000c0000000, 0x0000000100000000)
  region size 1024K, 1 young (1024K), 0 survivors (0K)
 Metaspace       used 69418K, committed 69888K, reserved 1114112K
  class space    used 9389K, committed 9600K, reserved 1048576K
}
Event: 93019.760 GC heap after
{Heap after GC invocations=5513 (full 5331):
 garbage-first heap   total 239616K, used 85123K [0x00000000c0000000, 0x0000000100000000)
  region size 1024K, 0 young (0K), 0 survivors (0K)
 Metaspace       used 69418K, committed 69888K, reserved 1114112K
  class space    used 9389K, committed 9600K, reserved 1048576K
}
Event: 93030.002 GC heap before
{Heap before GC invocations=5513 (full 5331):
 garbage-first heap   total 239616K, used 85123K [0x00000000c0000000, 0x0000000100000000)
  region size 1024K, 1 young (1024K), 0 survivors (0K)
 Metaspace       used 69418K, committed 69888K, reserved 1114112K
  class space    used 9389K, committed 9600K, reserved 1048576K
}
Event: 93030.099 GC heap after
{Heap after GC invocations=5514 (full 5332):
 garbage-first heap   total 239616K, used 85123K [0x00000000c0000000, 0x0000000100000000)
  region size 1024K, 0 young (0K), 0 survivors (0K)
 Metaspace       used 69418K, committed 69888K, reserved 1114112K
  class space    used 9389K, committed 9600K, reserved 1048576K
}

