# JRE version: OpenJDK Runtime Environment Temurin-17.0.5+8 (17.0.5+8) (build 17.0.5+8)
# Java VM: OpenJDK 64-Bit Server VM Temurin-17.0.5+8 (17.0.5+8, mixed mode, emulated-client, tiered, compressed oops, compressed class ptrs, g1 gc, windows-amd64)
GC Precious Log:
 CPUs: 8 total, 8 available
 Memory: 6091M
 Large Page Support: Disabled
 NUMA Support: Disabled
 Compressed Oops: Enabled (32-bit)
 Heap Region Size: 1M
 Heap Min Capacity: 8M
 Heap Initial Capacity: 96M
 Heap Max Capacity: 1G
 Pre-touch: Disabled
 Parallel Workers: 8
 Concurrent Workers: 2
 Concurrent Refinement Workers: 8
 Periodic GC: Disabled
Heap:
 garbage-first heap   total 51200K, used 27146K [0x00000000c0000000, 0x0000000100000000)
  region size 1024K, 17 young (17408K), 3 survivors (3072K)
 Metaspace       used 28238K, committed 28544K, reserved 1081344K
  class space    used 3568K, committed 3712K, reserved 1048576K
GC Heap History (8 events):
Event: 6.101 GC heap before
{Heap before GC invocations=0 (full 0):
 garbage-first heap   total 98304K, used 22528K [0x00000000c0000000, 0x0000000100000000)
  region size 1024K, 23 young (23552K), 0 survivors (0K)
 Metaspace       used 9303K, committed 9472K, reserved 1064960K
  class space    used 1107K, committed 1152K, reserved 1048576K
}
Event: 6.141 GC heap after
{Heap after GC invocations=1 (full 0):
 garbage-first heap   total 98304K, used 7552K [0x00000000c0000000, 0x0000000100000000)
  region size 1024K, 3 young (3072K), 3 survivors (3072K)
 Metaspace       used 9303K, committed 9472K, reserved 1064960K
  class space    used 1107K, committed 1152K, reserved 1048576K
}
Event: 10.426 GC heap before
{Heap before GC invocations=1 (full 0):
 garbage-first heap   total 98304K, used 32128K [0x00000000c0000000, 0x0000000100000000)
  region size 1024K, 28 young (28672K), 3 survivors (3072K)
 Metaspace       used 16718K, committed 16960K, reserved 1064960K
  class space    used 2074K, committed 2176K, reserved 1048576K
}
Event: 10.446 GC heap after
{Heap after GC invocations=2 (full 0):
 garbage-first heap   total 98304K, used 10855K [0x00000000c0000000, 0x0000000100000000)
  region size 1024K, 4 young (4096K), 4 survivors (4096K)
 Metaspace       used 16718K, committed 16960K, reserved 1064960K
  class space    used 2074K, committed 2176K, reserved 1048576K
}
Event: 12.756 GC heap before
{Heap before GC invocations=2 (full 0):
 garbage-first heap   total 98304K, used 30311K [0x00000000c0000000, 0x0000000100000000)
  region size 1024K, 25 young (25600K), 4 survivors (4096K)
 Metaspace       used 21340K, committed 21504K, reserved 1073152K
  class space    used 2621K, committed 2688K, reserved 1048576K
}
Event: 12.765 GC heap after
{Heap after GC invocations=3 (full 0):
 garbage-first heap   total 98304K, used 12417K [0x00000000c0000000, 0x0000000100000000)
  region size 1024K, 2 young (2048K), 2 survivors (2048K)
 Metaspace       used 21340K, committed 21504K, reserved 1073152K
  class space    used 2621K, committed 2688K, reserved 1048576K
}
Event: 16.004 GC heap before
{Heap before GC invocations=4 (full 0):
 garbage-first heap   total 51200K, used 38017K [0x00000000c0000000, 0x0000000100000000)
  region size 1024K, 28 young (28672K), 2 survivors (2048K)
 Metaspace       used 25472K, committed 25664K, reserved 1073152K
  class space    used 3166K, committed 3264K, reserved 1048576K
}
Event: 16.016 GC heap after
{Heap after GC invocations=5 (full 0):
 garbage-first heap   total 51200K, used 13834K [0x00000000c0000000, 0x0000000100000000)
  region size 1024K, 3 young (3072K), 3 survivors (3072K)
 Metaspace       used 25472K, committed 25664K, reserved 1073152K
  class space    used 3166K, committed 3264K, reserved 1048576K
}

