# JRE version: OpenJDK Runtime Environment Temurin-17.0.5+8 (17.0.5+8) (build 17.0.5+8)
# Java VM: OpenJDK 64-Bit Server VM Temurin-17.0.5+8 (17.0.5+8, mixed mode, emulated-client, tiered, compressed oops, compressed class ptrs, g1 gc, windows-amd64)
GC Precious Log:
 CPUs: 8 total, 8 available
 Memory: 6091M
 Large Page Support: Disabled
 NUMA Support: Disabled
 Compressed Oops: Enabled (32-bit)
 Heap Region Size: 1M
 Heap Min Capacity: 8M
 Heap Initial Capacity: 96M
 Heap Max Capacity: 1G
 Pre-touch: Disabled
 Parallel Workers: 8
 Concurrent Workers: 2
 Concurrent Refinement Workers: 8
 Periodic GC: Disabled
Heap:
 garbage-first heap   total 111616K, used 66091K [0x00000000c0000000, 0x0000000100000000)
  region size 1024K, 1 young (1024K), 1 survivors (1024K)
 Metaspace       used 35693K, committed 36160K, reserved 1081344K
  class space    used 4627K, committed 4864K, reserved 1048576K
GC Heap History (20 events):
Event: 19.594 GC heap after
{Heap after GC invocations=9 (full 0):
 garbage-first heap   total 51200K, used 23367K [0x00000000c0000000, 0x0000000100000000)
  region size 1024K, 3 young (3072K), 3 survivors (3072K)
 Metaspace       used 35523K, committed 35904K, reserved 1081344K
  class space    used 4598K, committed 4736K, reserved 1048576K
}
Event: 19.674 GC heap before
{Heap before GC invocations=9 (full 0):
 garbage-first heap   total 51200K, used 36679K [0x00000000c0000000, 0x0000000100000000)
  region size 1024K, 17 young (17408K), 3 survivors (3072K)
 Metaspace       used 35523K, committed 35904K, reserved 1081344K
  class space    used 4598K, committed 4736K, reserved 1048576K
}
Event: 19.679 GC heap after
{Heap after GC invocations=10 (full 0):
 garbage-first heap   total 51200K, used 26581K [0x00000000c0000000, 0x0000000100000000)
  region size 1024K, 2 young (2048K), 2 survivors (2048K)
 Metaspace       used 35523K, committed 35904K, reserved 1081344K
  class space    used 4598K, committed 4736K, reserved 1048576K
}
Event: 19.733 GC heap before
{Heap before GC invocations=10 (full 0):
 garbage-first heap   total 51200K, used 36821K [0x00000000c0000000, 0x0000000100000000)
  region size 1024K, 13 young (13312K), 2 survivors (2048K)
 Metaspace       used 35523K, committed 35904K, reserved 1081344K
  class space    used 4598K, committed 4736K, reserved 1048576K
}
Event: 19.737 GC heap after
{Heap after GC invocations=11 (full 0):
 garbage-first heap   total 51200K, used 28852K [0x00000000c0000000, 0x0000000100000000)
  region size 1024K, 2 young (2048K), 2 survivors (2048K)
 Metaspace       used 35523K, committed 35904K, reserved 1081344K
  class space    used 4598K, committed 4736K, reserved 1048576K
}
Event: 19.894 GC heap before
{Heap before GC invocations=12 (full 0):
 garbage-first heap   total 53248K, used 39092K [0x00000000c0000000, 0x0000000100000000)
  region size 1024K, 12 young (12288K), 2 survivors (2048K)
 Metaspace       used 35631K, committed 36096K, reserved 1081344K
  class space    used 4616K, committed 4864K, reserved 1048576K
}
Event: 19.898 GC heap after
{Heap after GC invocations=13 (full 0):
 garbage-first heap   total 53248K, used 30938K [0x00000000c0000000, 0x0000000100000000)
  region size 1024K, 2 young (2048K), 2 survivors (2048K)
 Metaspace       used 35631K, committed 36096K, reserved 1081344K
  class space    used 4616K, committed 4864K, reserved 1048576K
}
Event: 19.958 GC heap before
{Heap before GC invocations=13 (full 0):
 garbage-first heap   total 53248K, used 40154K [0x00000000c0000000, 0x0000000100000000)
  region size 1024K, 11 young (11264K), 2 survivors (2048K)
 Metaspace       used 35631K, committed 36096K, reserved 1081344K
  class space    used 4616K, committed 4864K, reserved 1048576K
}
Event: 19.962 GC heap after
{Heap after GC invocations=14 (full 0):
 garbage-first heap   total 53248K, used 32443K [0x00000000c0000000, 0x0000000100000000)
  region size 1024K, 2 young (2048K), 2 survivors (2048K)
 Metaspace       used 35631K, committed 36096K, reserved 1081344K
  class space    used 4616K, committed 4864K, reserved 1048576K
}
Event: 20.026 GC heap before
{Heap before GC invocations=14 (full 0):
 garbage-first heap   total 68608K, used 40635K [0x00000000c0000000, 0x0000000100000000)
  region size 1024K, 10 young (10240K), 2 survivors (2048K)
 Metaspace       used 35631K, committed 36096K, reserved 1081344K
  class space    used 4616K, committed 4864K, reserved 1048576K
}
Event: 20.030 GC heap after
{Heap after GC invocations=15 (full 0):
 garbage-first heap   total 103424K, used 33791K [0x00000000c0000000, 0x0000000100000000)
  region size 1024K, 2 young (2048K), 2 survivors (2048K)
 Metaspace       used 35631K, committed 36096K, reserved 1081344K
  class space    used 4616K, committed 4864K, reserved 1048576K
}
Event: 20.246 GC heap before
{Heap before GC invocations=16 (full 0):
 garbage-first heap   total 103424K, used 71679K [0x00000000c0000000, 0x0000000100000000)
  region size 1024K, 39 young (39936K), 2 survivors (2048K)
 Metaspace       used 35631K, committed 36096K, reserved 1081344K
  class space    used 4616K, committed 4864K, reserved 1048576K
}
Event: 20.258 GC heap after
{Heap after GC invocations=17 (full 0):
 garbage-first heap   total 103424K, used 43628K [0x00000000c0000000, 0x0000000100000000)
  region size 1024K, 5 young (5120K), 5 survivors (5120K)
 Metaspace       used 35631K, committed 36096K, reserved 1081344K
  class space    used 4616K, committed 4864K, reserved 1048576K
}
Event: 20.998 GC heap before
{Heap before GC invocations=17 (full 0):
 garbage-first heap   total 103424K, used 73324K [0x00000000c0000000, 0x0000000100000000)
  region size 1024K, 34 young (34816K), 5 survivors (5120K)
 Metaspace       used 35633K, committed 36096K, reserved 1081344K
  class space    used 4617K, committed 4864K, reserved 1048576K
}
Event: 21.010 GC heap after
{Heap after GC invocations=18 (full 0):
 garbage-first heap   total 103424K, used 51938K [0x00000000c0000000, 0x0000000100000000)
  region size 1024K, 5 young (5120K), 5 survivors (5120K)
 Metaspace       used 35633K, committed 36096K, reserved 1081344K
  class space    used 4617K, committed 4864K, reserved 1048576K
}
Event: 21.186 GC heap before
{Heap before GC invocations=18 (full 0):
 garbage-first heap   total 103424K, used 66274K [0x00000000c0000000, 0x0000000100000000)
  region size 1024K, 20 young (20480K), 5 survivors (5120K)
 Metaspace       used 35633K, committed 36096K, reserved 1081344K
  class space    used 4617K, committed 4864K, reserved 1048576K
}
Event: 21.198 GC heap after
{Heap after GC invocations=19 (full 0):
 garbage-first heap   total 103424K, used 60012K [0x00000000c0000000, 0x0000000100000000)
  region size 1024K, 4 young (4096K), 4 survivors (4096K)
 Metaspace       used 35633K, committed 36096K, reserved 1081344K
  class space    used 4617K, committed 4864K, reserved 1048576K
}
Event: 21.414 GC heap before
{Heap before GC invocations=20 (full 0):
 garbage-first heap   total 111616K, used 75372K [0x00000000c0000000, 0x0000000100000000)
  region size 1024K, 20 young (20480K), 4 survivors (4096K)
 Metaspace       used 35693K, committed 36160K, reserved 1081344K
  class space    used 4627K, committed 4864K, reserved 1048576K
}
Event: 21.444 GC heap after
{Heap after GC invocations=21 (full 0):
 garbage-first heap   total 111616K, used 65132K [0x00000000c0000000, 0x0000000100000000)
  region size 1024K, 3 young (3072K), 3 survivors (3072K)
 Metaspace       used 35693K, committed 36160K, reserved 1081344K
  class space    used 4627K, committed 4864K, reserved 1048576K
}
Event: 21.453 GC heap before
{Heap before GC invocations=21 (full 0):
 garbage-first heap   total 111616K, used 66156K [0x00000000c0000000, 0x0000000100000000)
  region size 1024K, 5 young (5120K), 3 survivors (3072K)
 Metaspace       used 35693K, committed 36160K, reserved 1081344K
  class space    used 4627K, committed 4864K, reserved 1048576K
}

