# JRE version: OpenJDK Runtime Environment Temurin-17.0.5+8 (17.0.5+8) (build 17.0.5+8)
# Java VM: OpenJDK 64-Bit Server VM Temurin-17.0.5+8 (17.0.5+8, mixed mode, emulated-client, tiered, compressed oops, compressed class ptrs, g1 gc, windows-amd64)
GC Precious Log:
 CPUs: 8 total, 8 available
 Memory: 6091M
 Large Page Support: Disabled
 NUMA Support: Disabled
 Compressed Oops: Enabled (32-bit)
 Heap Region Size: 1M
 Heap Min Capacity: 8M
 Heap Initial Capacity: 96M
 Heap Max Capacity: 1G
 Pre-touch: Disabled
 Parallel Workers: 8
 Concurrent Workers: 2
 Concurrent Refinement Workers: 8
 Periodic GC: Disabled
Heap:
 garbage-first heap   total 111616K, used 66724K [0x00000000c0000000, 0x0000000100000000)
  region size 1024K, 2 young (2048K), 2 survivors (2048K)
 Metaspace       used 35731K, committed 36224K, reserved 1081344K
  class space    used 4636K, committed 4864K, reserved 1048576K
GC Heap History (20 events):
Event: 16.841 GC heap after
{Heap after GC invocations=10 (full 0):
 garbage-first heap   total 55296K, used 20702K [0x00000000c0000000, 0x0000000100000000)
  region size 1024K, 3 young (3072K), 3 survivors (3072K)
 Metaspace       used 35496K, committed 35840K, reserved 1081344K
  class space    used 4596K, committed 4736K, reserved 1048576K
}
Event: 17.006 GC heap before
{Heap before GC invocations=10 (full 0):
 garbage-first heap   total 55296K, used 39134K [0x00000000c0000000, 0x0000000100000000)
  region size 1024K, 23 young (23552K), 3 survivors (3072K)
 Metaspace       used 35497K, committed 35840K, reserved 1081344K
  class space    used 4596K, committed 4736K, reserved 1048576K
}
Event: 17.018 GC heap after
{Heap after GC invocations=11 (full 0):
 garbage-first heap   total 55296K, used 26067K [0x00000000c0000000, 0x0000000100000000)
  region size 1024K, 3 young (3072K), 3 survivors (3072K)
 Metaspace       used 35497K, committed 35840K, reserved 1081344K
  class space    used 4596K, committed 4736K, reserved 1048576K
}
Event: 17.283 GC heap before
{Heap before GC invocations=11 (full 0):
 garbage-first heap   total 55296K, used 40403K [0x00000000c0000000, 0x0000000100000000)
  region size 1024K, 17 young (17408K), 3 survivors (3072K)
 Metaspace       used 35609K, committed 36032K, reserved 1081344K
  class space    used 4613K, committed 4800K, reserved 1048576K
}
Event: 17.292 GC heap after
{Heap after GC invocations=12 (full 0):
 garbage-first heap   total 55296K, used 28868K [0x00000000c0000000, 0x0000000100000000)
  region size 1024K, 3 young (3072K), 3 survivors (3072K)
 Metaspace       used 35609K, committed 36032K, reserved 1081344K
  class space    used 4613K, committed 4800K, reserved 1048576K
}
Event: 17.449 GC heap before
{Heap before GC invocations=12 (full 0):
 garbage-first heap   total 55296K, used 41156K [0x00000000c0000000, 0x0000000100000000)
  region size 1024K, 15 young (15360K), 3 survivors (3072K)
 Metaspace       used 35615K, committed 36032K, reserved 1081344K
  class space    used 4614K, committed 4800K, reserved 1048576K
}
Event: 17.455 GC heap after
{Heap after GC invocations=13 (full 0):
 garbage-first heap   total 94208K, used 31069K [0x00000000c0000000, 0x0000000100000000)
  region size 1024K, 2 young (2048K), 2 survivors (2048K)
 Metaspace       used 35615K, committed 36032K, reserved 1081344K
  class space    used 4614K, committed 4800K, reserved 1048576K
}
Event: 17.783 GC heap before
{Heap before GC invocations=14 (full 0):
 garbage-first heap   total 94208K, used 65885K [0x00000000c0000000, 0x0000000100000000)
  region size 1024K, 36 young (36864K), 2 survivors (2048K)
 Metaspace       used 35615K, committed 36032K, reserved 1081344K
  class space    used 4614K, committed 4800K, reserved 1048576K
}
Event: 17.793 GC heap after
{Heap after GC invocations=15 (full 0):
 garbage-first heap   total 94208K, used 37888K [0x00000000c0000000, 0x0000000100000000)
  region size 1024K, 5 young (5120K), 5 survivors (5120K)
 Metaspace       used 35615K, committed 36032K, reserved 1081344K
  class space    used 4614K, committed 4800K, reserved 1048576K
}
Event: 17.941 GC heap before
{Heap before GC invocations=15 (full 0):
 garbage-first heap   total 94208K, used 67584K [0x00000000c0000000, 0x0000000100000000)
  region size 1024K, 34 young (34816K), 5 survivors (5120K)
 Metaspace       used 35615K, committed 36032K, reserved 1081344K
  class space    used 4614K, committed 4800K, reserved 1048576K
}
Event: 17.951 GC heap after
{Heap after GC invocations=16 (full 0):
 garbage-first heap   total 94208K, used 45969K [0x00000000c0000000, 0x0000000100000000)
  region size 1024K, 5 young (5120K), 5 survivors (5120K)
 Metaspace       used 35615K, committed 36032K, reserved 1081344K
  class space    used 4614K, committed 4800K, reserved 1048576K
}
Event: 18.882 GC heap before
{Heap before GC invocations=16 (full 0):
 garbage-first heap   total 94208K, used 69521K [0x00000000c0000000, 0x0000000100000000)
  region size 1024K, 28 young (28672K), 5 survivors (5120K)
 Metaspace       used 35646K, committed 36032K, reserved 1081344K
  class space    used 4625K, committed 4800K, reserved 1048576K
}
Event: 18.894 GC heap after
{Heap after GC invocations=17 (full 0):
 garbage-first heap   total 94208K, used 55227K [0x00000000c0000000, 0x0000000100000000)
  region size 1024K, 4 young (4096K), 4 survivors (4096K)
 Metaspace       used 35646K, committed 36032K, reserved 1081344K
  class space    used 4625K, committed 4800K, reserved 1048576K
}
Event: 19.036 GC heap before
{Heap before GC invocations=17 (full 0):
 garbage-first heap   total 94208K, used 63419K [0x00000000c0000000, 0x0000000100000000)
  region size 1024K, 13 young (13312K), 4 survivors (4096K)
 Metaspace       used 35646K, committed 36032K, reserved 1081344K
  class space    used 4625K, committed 4800K, reserved 1048576K
}
Event: 19.044 GC heap after
{Heap after GC invocations=18 (full 0):
 garbage-first heap   total 94208K, used 60411K [0x00000000c0000000, 0x0000000100000000)
  region size 1024K, 3 young (3072K), 3 survivors (3072K)
 Metaspace       used 35646K, committed 36032K, reserved 1081344K
  class space    used 4625K, committed 4800K, reserved 1048576K
}
Event: 19.213 GC heap before
{Heap before GC invocations=19 (full 0):
 garbage-first heap   total 111616K, used 71675K [0x00000000c0000000, 0x0000000100000000)
  region size 1024K, 15 young (15360K), 3 survivors (3072K)
 Metaspace       used 35725K, committed 36224K, reserved 1081344K
  class space    used 4634K, committed 4864K, reserved 1048576K
}
Event: 19.241 GC heap after
{Heap after GC invocations=20 (full 0):
 garbage-first heap   total 111616K, used 65536K [0x00000000c0000000, 0x0000000100000000)
  region size 1024K, 2 young (2048K), 2 survivors (2048K)
 Metaspace       used 35725K, committed 36224K, reserved 1081344K
  class space    used 4634K, committed 4864K, reserved 1048576K
}
Event: 19.253 GC heap before
{Heap before GC invocations=20 (full 0):
 garbage-first heap   total 111616K, used 67584K [0x00000000c0000000, 0x0000000100000000)
  region size 1024K, 5 young (5120K), 2 survivors (2048K)
 Metaspace       used 35726K, committed 36224K, reserved 1081344K
  class space    used 4636K, committed 4864K, reserved 1048576K
}
Event: 19.256 GC heap after
{Heap after GC invocations=21 (full 0):
 garbage-first heap   total 111616K, used 66175K [0x00000000c0000000, 0x0000000100000000)
  region size 1024K, 1 young (1024K), 1 survivors (1024K)
 Metaspace       used 35726K, committed 36224K, reserved 1081344K
  class space    used 4636K, committed 4864K, reserved 1048576K
}
Event: 19.295 GC heap before
{Heap before GC invocations=21 (full 0):
 garbage-first heap   total 111616K, used 81535K [0x00000000c0000000, 0x0000000100000000)
  region size 1024K, 17 young (17408K), 1 survivors (1024K)
 Metaspace       used 35731K, committed 36224K, reserved 1081344K
  class space    used 4636K, committed 4864K, reserved 1048576K
}

